<?xml version="1.0" encoding="UTF-8"?>
<testsuite name="deenik.deenik.AppTest" tests="1" skipped="0" failures="0" errors="0" timestamp="2025-06-03T13:30:43.921Z" hostname="DEEKSHA" time="0.003">
  <properties/>
  <testcase name="testApp" classname="deenik.deenik.AppTest" time="0.003"/>
  <system-out><![CDATA[]]></system-out>
  <system-err><![CDATA[]]></system-err>
</testsuite>
